Using pre-set license
Built from '2020.3/staging' branch; Version is '2020.3.14f1 (d0d1bb862f9d) revision 13685179'; Using compiler version '192528614'; Build Type 'Release'
OS: 'Windows 10 Home Single Language; OS build 19042.1110; Version 2009; 64bit' Language: 'en' Physical Memory: 7541 MB
BatchMode: 1, IsHumanControllingUs: 0, StartBugReporterOnCrash: 0, Is64bit: 1, IsPro: 0

 COMMAND LINE ARGUMENTS:
D:\Software\Installed\UnitySetUp\2020.3.14f1\Editor\Unity.exe
-adb2
-batchMode
-noUpm
-name
AssetImportWorker0
-projectPath
D:/Programs/Data Structure/Data-Structure-Practical/Unity Data Structure Practicals
-logFile
Logs/AssetImportWorker0.log
-srvPort
50774
Successfully changed project path to: D:/Programs/Data Structure/Data-Structure-Practical/Unity Data Structure Practicals
D:/Programs/Data Structure/Data-Structure-Practical/Unity Data Structure Practicals
Using Asset Import Pipeline V2.
Refreshing native plugins compatible for Editor in 26.30 ms, found 2 plugins.
Preloading 0 native plugins for Editor in 0.00 ms.
Initialize engine version: 2020.3.14f1 (d0d1bb862f9d)
[Subsystems] Discovering subsystems at path D:/Software/Installed/UnitySetUp/2020.3.14f1/Editor/Data/Resources/UnitySubsystems
[Subsystems] Discovering subsystems at path D:/Programs/Data Structure/Data-Structure-Practical/Unity Data Structure Practicals/Assets
GfxDevice: creating device client; threaded=0
Direct3D:
    Version:  Direct3D 11.0 [level 11.1]
    Renderer: NVIDIA GeForce GTX 1650 Ti (ID=0x1f95)
    Vendor:   
    VRAM:     3962 MB
    Driver:   27.21.14.6280
Initialize mono
Mono path[0] = 'D:/Software/Installed/UnitySetUp/2020.3.14f1/Editor/Data/Managed'
Mono path[1] = 'D:/Software/Installed/UnitySetUp/2020.3.14f1/Editor/Data/MonoBleedingEdge/lib/mono/unityjit'
Mono config path = 'D:/Software/Installed/UnitySetUp/2020.3.14f1/Editor/Data/MonoBleedingEdge/etc'
Using monoOptions --debugger-agent=transport=dt_socket,embedding=1,server=y,suspend=n,address=127.0.0.1:56012
Begin MonoManager ReloadAssembly
Registering precompiled unity dll's ...
Register platform support module: D:/Software/Installed/UnitySetUp/2020.3.14f1/Editor/Data/PlaybackEngines/WebGLSupport/UnityEditor.WebGL.Extensions.dll
Register platform support module: D:/Software/Installed/UnitySetUp/2020.3.14f1/Editor/Data/PlaybackEngines/MacStandaloneSupport/UnityEditor.OSXStandalone.Extensions.dll
Register platform support module: D:/Software/Installed/UnitySetUp/2020.3.14f1/Editor/Data/PlaybackEngines/WindowsStandaloneSupport/UnityEditor.WindowsStandalone.Extensions.dll
Register platform support module: D:/Software/Installed/UnitySetUp/2020.3.14f1/Editor/Data/PlaybackEngines/LinuxStandaloneSupport/UnityEditor.LinuxStandalone.Extensions.dll
Registered in 0.001917 seconds.
Native extension for LinuxStandalone target not found
Native extension for WindowsStandalone target not found
Native extension for OSXStandalone target not found
Native extension for WebGL target not found
Refreshing native plugins compatible for Editor in 30.97 ms, found 2 plugins.
Preloading 0 native plugins for Editor in 0.00 ms.
Mono: successfully reloaded assembly
- Completed reload, in  9.766 seconds
Domain Reload Profiling:
	ReloadAssembly (9766ms)
		BeginReloadAssembly (51ms)
			ExecutionOrderSort (0ms)
			DisableScriptedObjects (0ms)
			BackupInstance (0ms)
			ReleaseScriptingObjects (0ms)
			CreateAndSetChildDomain (1ms)
		EndReloadAssembly (493ms)
			LoadAssemblies (51ms)
			RebuildTransferFunctionScriptingTraits (0ms)
			SetupTypeCache (189ms)
			ReleaseScriptCaches (0ms)
			RebuildScriptCaches (44ms)
			SetupLoadedEditorAssemblies (177ms)
				LogAssemblyErrors (0ms)
				InitializePlatformSupportModulesInManaged (7ms)
				SetLoadedEditorAssemblies (0ms)
				RefreshPlugins (31ms)
				BeforeProcessingInitializeOnLoad (15ms)
				ProcessInitializeOnLoadAttributes (88ms)
				ProcessInitializeOnLoadMethodAttributes (35ms)
				AfterProcessingInitializeOnLoad (0ms)
				EditorAssembliesLoaded (0ms)
			ExecutionOrderSort2 (0ms)
			AwakeInstancesAfterBackupRestoration (0ms)
Platform modules already initialized, skipping
Registering precompiled user dll's ...
Registered in 0.003532 seconds.
Begin MonoManager ReloadAssembly
Native extension for LinuxStandalone target not found
Native extension for WindowsStandalone target not found
Native extension for OSXStandalone target not found
Native extension for WebGL target not found
Refreshing native plugins compatible for Editor in 0.59 ms, found 2 plugins.
Preloading 0 native plugins for Editor in 0.00 ms.
Mono: successfully reloaded assembly
- Completed reload, in  1.160 seconds
Domain Reload Profiling:
	ReloadAssembly (1161ms)
		BeginReloadAssembly (161ms)
			ExecutionOrderSort (0ms)
			DisableScriptedObjects (5ms)
			BackupInstance (0ms)
			ReleaseScriptingObjects (0ms)
			CreateAndSetChildDomain (21ms)
		EndReloadAssembly (932ms)
			LoadAssemblies (98ms)
			RebuildTransferFunctionScriptingTraits (0ms)
			SetupTypeCache (322ms)
			ReleaseScriptCaches (0ms)
			RebuildScriptCaches (46ms)
			SetupLoadedEditorAssemblies (370ms)
				LogAssemblyErrors (0ms)
				InitializePlatformSupportModulesInManaged (8ms)
				SetLoadedEditorAssemblies (1ms)
				RefreshPlugins (1ms)
				BeforeProcessingInitializeOnLoad (97ms)
				ProcessInitializeOnLoadAttributes (256ms)
				ProcessInitializeOnLoadMethodAttributes (5ms)
				AfterProcessingInitializeOnLoad (3ms)
				EditorAssembliesLoaded (0ms)
			ExecutionOrderSort2 (0ms)
			AwakeInstancesAfterBackupRestoration (7ms)
Platform modules already initialized, skipping
========================================================================
Worker process is ready to serve import requests
Launched and connected shader compiler UnityShaderCompiler.exe after 0.08 seconds
Refreshing native plugins compatible for Editor in 0.56 ms, found 2 plugins.
Preloading 0 native plugins for Editor in 0.00 ms.
Unloading 1393 Unused Serialized files (Serialized files now loaded: 0)
System memory in use before: 65.2 MB.
System memory in use after: 65.3 MB.

Unloading 19 unused Assets to reduce memory usage. Loaded Objects now: 1826.
Total: 3.097800 ms (FindLiveObjects: 0.377500 ms CreateObjectMapping: 0.059100 ms MarkObjects: 2.527300 ms  DeleteObjects: 0.131900 ms)

AssetImportParameters requested are different than current active one (requested -> active):
  custom:framework-win-MediaFoundation: 216162199b28c13a410421893ffa2e32 -> 
  custom:video-decoder-ogg-theora: a1e56fd34408186e4bbccfd4996cb3dc -> 
  custom:container-muxer-webm: aa71ff27fc2769a1b78a27578f13a17b -> 
  custom:container-demuxer-webm: 4f35f7cbe854078d1ac9338744f61a02 -> 
  custom:container-demuxer-ogg: 62fdf1f143b41e24485cea50d1cbac27 -> 
  custom:video-encoder-webm-vp8: eb34c28f22e8b96e1ab97ce403110664 -> 
  custom:video-codec-MediaFoundation-h265: 746d11721c4dcdbdad8f713fa42b33f4 -> 
  custom:video-decoder-webm-vp8: 9c59270c3fd7afecdb556c50c9e8de78 -> 
  custom:audio-decoder-ogg-vorbis: bf7c407c2cedff20999df2af8eb42d56 -> 
  custom:audio-encoder-webm-vorbis: bf7c407c2cedff20999df2af8eb42d56 -> 
========================================================================
Received Import Request.
  path: Assets/DataStructurePackage/LinkedList.cs
  artifactKey: Guid(8443d4cb8f3d31c4ebb703051d00de55) Importer(815301076,1909f56bfc062723c751e8b465ee728b)
Start importing Assets/DataStructurePackage/LinkedList.cs using Guid(8443d4cb8f3d31c4ebb703051d00de55) Importer(815301076,1909f56bfc062723c751e8b465ee728b)  -> (artifact id: '86c8dd8adb7471cb094bcb6262ccac3b') in 0.042856 seconds 
  Import took 0.046389 seconds .

========================================================================
Received Import Request.
  Time since last request: 12.343202 seconds.
  path: Assets/Scritps/MainController.cs
  artifactKey: Guid(5c634f06b42a08a468a17a5974e7ecca) Importer(815301076,1909f56bfc062723c751e8b465ee728b)
Start importing Assets/Scritps/MainController.cs using Guid(5c634f06b42a08a468a17a5974e7ecca) Importer(815301076,1909f56bfc062723c751e8b465ee728b)  -> (artifact id: '3870d3f1ec6a2fa8997f67be3944fbf5') in 0.001916 seconds 
  Import took 0.004657 seconds .

========================================================================
Received Import Request.
  Time since last request: 0.000947 seconds.
  path: Assets/Scritps/MainController.cs
  artifactKey: Guid(5c634f06b42a08a468a17a5974e7ecca) Importer(815301076,1909f56bfc062723c751e8b465ee728b)
Start importing Assets/Scritps/MainController.cs using Guid(5c634f06b42a08a468a17a5974e7ecca) Importer(815301076,1909f56bfc062723c751e8b465ee728b)  -> (artifact id: '3870d3f1ec6a2fa8997f67be3944fbf5') in 0.001829 seconds 
  Import took 0.004663 seconds .

AssetImportWorkerClient::OnTransportError - code=2 error=End of file
